<?xml version="1.0" encoding="UTF-8"?>
<coverage generated="1686101383882" clover="3.2.0">
  <project timestamp="1686101383882" name="All files">
    <metrics statements="30" coveredstatements="23" conditionals="29" coveredconditionals="19" methods="12" coveredmethods="7" elements="71" coveredelements="49" complexity="0" loc="30" ncloc="30" packages="3" files="3" classes="3"/>
    <package name="components">
      <metrics statements="2" coveredstatements="2" conditionals="0" coveredconditionals="0" methods="1" coveredmethods="1"/>
      <file name="CircleBorder.tsx" path="C:\Users\lucas\Documents\Inventory-Front\src\components\CircleBorder.tsx">
        <metrics statements="2" coveredstatements="2" conditionals="0" coveredconditionals="0" methods="1" coveredmethods="1"/>
        <line num="4" count="1" type="stmt"/>
        <line num="5" count="8" type="stmt"/>
      </file>
    </package>
    <package name="components.Icon">
      <metrics statements="3" coveredstatements="3" conditionals="5" coveredconditionals="5" methods="1" coveredmethods="1"/>
      <file name="index.tsx" path="C:\Users\lucas\Documents\Inventory-Front\src\components\Icon\index.tsx">
        <metrics statements="3" coveredstatements="3" conditionals="5" coveredconditionals="5" methods="1" coveredmethods="1"/>
        <line num="6" count="1" type="stmt"/>
        <line num="14" count="8" type="stmt"/>
        <line num="15" count="8" type="stmt"/>
      </file>
    </package>
    <package name="pages.Login">
      <metrics statements="25" coveredstatements="18" conditionals="24" coveredconditionals="14" methods="10" coveredmethods="5"/>
      <file name="index.tsx" path="C:\Users\lucas\Documents\Inventory-Front\src\pages\Login\index.tsx">
        <metrics statements="25" coveredstatements="18" conditionals="24" coveredconditionals="14" methods="10" coveredmethods="5"/>
        <line num="20" count="1" type="stmt"/>
        <line num="23" count="8" type="stmt"/>
        <line num="24" count="8" type="stmt"/>
        <line num="25" count="8" type="stmt"/>
        <line num="26" count="8" type="stmt"/>
        <line num="27" count="8" type="stmt"/>
        <line num="29" count="8" type="stmt"/>
        <line num="31" count="8" type="stmt"/>
        <line num="32" count="2" type="stmt"/>
        <line num="33" count="2" type="stmt"/>
        <line num="39" count="1" type="stmt"/>
        <line num="40" count="1" type="stmt"/>
        <line num="43" count="1" type="stmt"/>
        <line num="45" count="1" type="stmt"/>
        <line num="49" count="8" type="stmt"/>
        <line num="69" count="2" type="stmt"/>
        <line num="70" count="0" type="stmt"/>
        <line num="72" count="0" type="cond" truecount="0" falsecount="2"/>
        <line num="73" count="0" type="stmt"/>
        <line num="94" count="2" type="stmt"/>
        <line num="95" count="0" type="stmt"/>
        <line num="97" count="0" type="cond" truecount="0" falsecount="2"/>
        <line num="98" count="0" type="stmt"/>
        <line num="107" count="0" type="stmt"/>
        <line num="114" count="1" type="stmt"/>
      </file>
    </package>
  </project>
</coverage>
