{"C:\\Users\\lucas\\Documents\\Inventory-Front\\src\\components\\CircleBorder.tsx": {"path":"C:\\Users\\lucas\\Documents\\Inventory-Front\\src\\components\\CircleBorder.tsx","statementMap":{"0":{"start":{"line":4,"column":21},"end":{"line":23,"column":1}},"1":{"start":{"line":5,"column":2},"end":{"line":22,"column":4}}},"fnMap":{"0":{"name":"(anonymous_0)","decl":{"start":{"line":4,"column":21},"end":{"line":4,"column":22}},"loc":{"start":{"line":4,"column":40},"end":{"line":23,"column":1}},"line":4}},"branchMap":{},"s":{"0":1,"1":8},"f":{"0":8},"b":{},"_coverageSchema":"1a1c01bbd47fc00a2c39e90264f33305004495a9","hash":"29b23771157594ce826df7b6d154a1a7be85d00a"}
,"C:\\Users\\lucas\\Documents\\Inventory-Front\\src\\components\\Icon\\index.tsx": {"path":"C:\\Users\\lucas\\Documents\\Inventory-Front\\src\\components\\Icon\\index.tsx","statementMap":{"0":{"start":{"line":6,"column":41},"end":{"line":24,"column":1}},"1":{"start":{"line":14,"column":24},"end":{"line":14,"column":35}},"2":{"start":{"line":15,"column":2},"end":{"line":23,"column":4}}},"fnMap":{"0":{"name":"(anonymous_0)","decl":{"start":{"line":6,"column":41},"end":{"line":6,"column":42}},"loc":{"start":{"line":13,"column":6},"end":{"line":24,"column":1}},"line":13}},"branchMap":{"0":{"loc":{"start":{"line":8,"column":2},"end":{"line":8,"column":13}},"type":"default-arg","locations":[{"start":{"line":8,"column":11},"end":{"line":8,"column":13}}],"line":8},"1":{"loc":{"start":{"line":9,"column":2},"end":{"line":9,"column":12}},"type":"default-arg","locations":[{"start":{"line":9,"column":10},"end":{"line":9,"column":12}}],"line":9},"2":{"loc":{"start":{"line":10,"column":2},"end":{"line":10,"column":16}},"type":"default-arg","locations":[{"start":{"line":10,"column":9},"end":{"line":10,"column":16}}],"line":10},"3":{"loc":{"start":{"line":11,"column":2},"end":{"line":11,"column":20}},"type":"default-arg","locations":[{"start":{"line":11,"column":11},"end":{"line":11,"column":20}}],"line":11},"4":{"loc":{"start":{"line":12,"column":2},"end":{"line":12,"column":17}},"type":"default-arg","locations":[{"start":{"line":12,"column":16},"end":{"line":12,"column":17}}],"line":12}},"s":{"0":1,"1":8,"2":8},"f":{"0":8},"b":{"0":[8],"1":[8],"2":[8],"3":[8],"4":[8]},"_coverageSchema":"1a1c01bbd47fc00a2c39e90264f33305004495a9","hash":"2424c8fc51a418e31d79acbae1f5643c56b0fbd7"}
,"C:\\Users\\lucas\\Documents\\Inventory-Front\\src\\pages\\Login\\index.tsx": {"path":"C:\\Users\\lucas\\Documents\\Inventory-Front\\src\\pages\\Login\\index.tsx","statementMap":{"0":{"start":{"line":20,"column":14},"end":{"line":139,"column":1}},"1":{"start":{"line":23,"column":42},"end":{"line":23,"column":66}},"2":{"start":{"line":24,"column":46},"end":{"line":24,"column":70}},"3":{"start":{"line":25,"column":50},"end":{"line":25,"column":74}},"4":{"start":{"line":26,"column":28},"end":{"line":26,"column":40}},"5":{"start":{"line":27,"column":34},"end":{"line":27,"column":46}},"6":{"start":{"line":29,"column":30},"end":{"line":29,"column":41}},"7":{"start":{"line":31,"column":23},"end":{"line":47,"column":3}},"8":{"start":{"line":32,"column":4},"end":{"line":46,"column":5}},"9":{"start":{"line":33,"column":29},"end":{"line":36,"column":8}},"10":{"start":{"line":39,"column":6},"end":{"line":39,"column":66}},"11":{"start":{"line":40,"column":6},"end":{"line":40,"column":34}},"12":{"start":{"line":43,"column":6},"end":{"line":43,"column":41}},"13":{"start":{"line":45,"column":6},"end":{"line":45,"column":64}},"14":{"start":{"line":49,"column":2},"end":{"line":138,"column":4}},"15":{"start":{"line":69,"column":39},"end":{"line":69,"column":56}},"16":{"start":{"line":70,"column":29},"end":{"line":70,"column":52}},"17":{"start":{"line":72,"column":16},"end":{"line":74,"column":17}},"18":{"start":{"line":73,"column":18},"end":{"line":73,"column":43}},"19":{"start":{"line":94,"column":39},"end":{"line":94,"column":59}},"20":{"start":{"line":95,"column":29},"end":{"line":95,"column":53}},"21":{"start":{"line":97,"column":16},"end":{"line":99,"column":17}},"22":{"start":{"line":98,"column":18},"end":{"line":98,"column":44}},"23":{"start":{"line":107,"column":42},"end":{"line":107,"column":72}},"24":{"start":{"line":114,"column":40},"end":{"line":114,"column":71}}},"fnMap":{"0":{"name":"(anonymous_0)","decl":{"start":{"line":20,"column":14},"end":{"line":20,"column":15}},"loc":{"start":{"line":22,"column":69},"end":{"line":139,"column":1}},"line":22},"1":{"name":"(anonymous_1)","decl":{"start":{"line":31,"column":23},"end":{"line":31,"column":24}},"loc":{"start":{"line":31,"column":35},"end":{"line":47,"column":3}},"line":31},"2":{"name":"(anonymous_2)","decl":{"start":{"line":69,"column":28},"end":{"line":69,"column":29}},"loc":{"start":{"line":69,"column":39},"end":{"line":69,"column":56}},"line":69},"3":{"name":"(anonymous_3)","decl":{"start":{"line":70,"column":23},"end":{"line":70,"column":24}},"loc":{"start":{"line":70,"column":29},"end":{"line":70,"column":52}},"line":70},"4":{"name":"(anonymous_4)","decl":{"start":{"line":71,"column":22},"end":{"line":71,"column":23}},"loc":{"start":{"line":71,"column":28},"end":{"line":75,"column":15}},"line":71},"5":{"name":"(anonymous_5)","decl":{"start":{"line":94,"column":28},"end":{"line":94,"column":29}},"loc":{"start":{"line":94,"column":39},"end":{"line":94,"column":59}},"line":94},"6":{"name":"(anonymous_6)","decl":{"start":{"line":95,"column":23},"end":{"line":95,"column":24}},"loc":{"start":{"line":95,"column":29},"end":{"line":95,"column":53}},"line":95},"7":{"name":"(anonymous_7)","decl":{"start":{"line":96,"column":22},"end":{"line":96,"column":23}},"loc":{"start":{"line":96,"column":28},"end":{"line":100,"column":15}},"line":96},"8":{"name":"(anonymous_8)","decl":{"start":{"line":107,"column":36},"end":{"line":107,"column":37}},"loc":{"start":{"line":107,"column":42},"end":{"line":107,"column":72}},"line":107},"9":{"name":"(anonymous_9)","decl":{"start":{"line":114,"column":34},"end":{"line":114,"column":35}},"loc":{"start":{"line":114,"column":40},"end":{"line":114,"column":71}},"line":114}},"branchMap":{"0":{"loc":{"start":{"line":62,"column":19},"end":{"line":62,"column":67}},"type":"cond-expr","locations":[{"start":{"line":62,"column":52},"end":{"line":62,"column":58}},{"start":{"line":62,"column":61},"end":{"line":62,"column":67}}],"line":62},"1":{"loc":{"start":{"line":62,"column":19},"end":{"line":62,"column":49}},"type":"binary-expr","locations":[{"start":{"line":62,"column":19},"end":{"line":62,"column":33}},{"start":{"line":62,"column":37},"end":{"line":62,"column":49}}],"line":62},"2":{"loc":{"start":{"line":64,"column":23},"end":{"line":64,"column":62}},"type":"cond-expr","locations":[{"start":{"line":64,"column":40},"end":{"line":64,"column":49}},{"start":{"line":64,"column":52},"end":{"line":64,"column":62}}],"line":64},"3":{"loc":{"start":{"line":72,"column":16},"end":{"line":74,"column":17}},"type":"if","locations":[{"start":{"line":72,"column":16},"end":{"line":74,"column":17}},{"start":{},"end":{}}],"line":72},"4":{"loc":{"start":{"line":79,"column":33},"end":{"line":79,"column":72}},"type":"cond-expr","locations":[{"start":{"line":79,"column":50},"end":{"line":79,"column":59}},{"start":{"line":79,"column":62},"end":{"line":79,"column":72}}],"line":79},"5":{"loc":{"start":{"line":87,"column":19},"end":{"line":87,"column":74}},"type":"cond-expr","locations":[{"start":{"line":87,"column":58},"end":{"line":87,"column":64}},{"start":{"line":87,"column":67},"end":{"line":87,"column":74}}],"line":87},"6":{"loc":{"start":{"line":87,"column":19},"end":{"line":87,"column":55}},"type":"binary-expr","locations":[{"start":{"line":87,"column":19},"end":{"line":87,"column":36}},{"start":{"line":87,"column":40},"end":{"line":87,"column":55}}],"line":87},"7":{"loc":{"start":{"line":89,"column":23},"end":{"line":89,"column":65}},"type":"cond-expr","locations":[{"start":{"line":89,"column":43},"end":{"line":89,"column":52}},{"start":{"line":89,"column":55},"end":{"line":89,"column":65}}],"line":89},"8":{"loc":{"start":{"line":97,"column":16},"end":{"line":99,"column":17}},"type":"if","locations":[{"start":{"line":97,"column":16},"end":{"line":99,"column":17}},{"start":{},"end":{}}],"line":97},"9":{"loc":{"start":{"line":102,"column":33},"end":{"line":102,"column":75}},"type":"cond-expr","locations":[{"start":{"line":102,"column":53},"end":{"line":102,"column":62}},{"start":{"line":102,"column":65},"end":{"line":102,"column":75}}],"line":102},"10":{"loc":{"start":{"line":104,"column":20},"end":{"line":104,"column":54}},"type":"cond-expr","locations":[{"start":{"line":104,"column":35},"end":{"line":104,"column":41}},{"start":{"line":104,"column":44},"end":{"line":104,"column":54}}],"line":104},"11":{"loc":{"start":{"line":108,"column":30},"end":{"line":108,"column":61}},"type":"cond-expr","locations":[{"start":{"line":108,"column":45},"end":{"line":108,"column":50}},{"start":{"line":108,"column":53},"end":{"line":108,"column":61}}],"line":108}},"s":{"0":1,"1":8,"2":8,"3":8,"4":8,"5":8,"6":8,"7":8,"8":2,"9":2,"10":1,"11":1,"12":1,"13":1,"14":8,"15":2,"16":0,"17":0,"18":0,"19":2,"20":0,"21":0,"22":0,"23":0,"24":1},"f":{"0":8,"1":2,"2":2,"3":0,"4":0,"5":2,"6":0,"7":0,"8":0,"9":1},"b":{"0":[4,4],"1":[8,8],"2":[0,8],"3":[0,0],"4":[0,8],"5":[2,6],"6":[8,8],"7":[0,8],"8":[0,0],"9":[0,8],"10":[0,8],"11":[0,8]},"_coverageSchema":"1a1c01bbd47fc00a2c39e90264f33305004495a9","hash":"a3a6d2ba9b765545ab5ddc2b23454495bf47508e"}
}
