TN:
SF:src\components\CircleBorder.tsx
FN:4,(anonymous_0)
FNF:1
FNH:1
FNDA:8,(anonymous_0)
DA:4,1
DA:5,8
LF:2
LH:2
BRF:0
BRH:0
end_of_record
TN:
SF:src\components\Icon\index.tsx
FN:6,(anonymous_0)
FNF:1
FNH:1
FNDA:8,(anonymous_0)
DA:6,1
DA:14,8
DA:15,8
LF:3
LH:3
BRDA:8,0,0,8
BRDA:9,1,0,8
BRDA:10,2,0,8
BRDA:11,3,0,8
BRDA:12,4,0,8
BRF:5
BRH:5
end_of_record
TN:
SF:src\pages\Login\index.tsx
FN:20,(anonymous_0)
FN:31,(anonymous_1)
FN:69,(anonymous_2)
FN:70,(anonymous_3)
FN:71,(anonymous_4)
FN:94,(anonymous_5)
FN:95,(anonymous_6)
FN:96,(anonymous_7)
FN:107,(anonymous_8)
FN:114,(anonymous_9)
FNF:10
FNH:5
FNDA:8,(anonymous_0)
FNDA:2,(anonymous_1)
FNDA:2,(anonymous_2)
FNDA:0,(anonymous_3)
FNDA:0,(anonymous_4)
FNDA:2,(anonymous_5)
FNDA:0,(anonymous_6)
FNDA:0,(anonymous_7)
FNDA:0,(anonymous_8)
FNDA:1,(anonymous_9)
DA:20,1
DA:23,8
DA:24,8
DA:25,8
DA:26,8
DA:27,8
DA:29,8
DA:31,8
DA:32,2
DA:33,2
DA:39,1
DA:40,1
DA:43,1
DA:45,1
DA:49,8
DA:69,2
DA:70,0
DA:72,0
DA:73,0
DA:94,2
DA:95,0
DA:97,0
DA:98,0
DA:107,0
DA:114,1
LF:25
LH:18
BRDA:62,0,0,4
BRDA:62,0,1,4
BRDA:62,1,0,8
BRDA:62,1,1,8
BRDA:64,2,0,0
BRDA:64,2,1,8
BRDA:72,3,0,0
BRDA:72,3,1,0
BRDA:79,4,0,0
BRDA:79,4,1,8
BRDA:87,5,0,2
BRDA:87,5,1,6
BRDA:87,6,0,8
BRDA:87,6,1,8
BRDA:89,7,0,0
BRDA:89,7,1,8
BRDA:97,8,0,0
BRDA:97,8,1,0
BRDA:102,9,0,0
BRDA:102,9,1,8
BRDA:104,10,0,0
BRDA:104,10,1,8
BRDA:108,11,0,0
BRDA:108,11,1,8
BRF:24
BRH:14
end_of_record
